<?xml version="1.0" encoding="utf-8"?><testsuites name="pytest tests"><testsuite name="pytest" errors="0" failures="0" skipped="0" tests="13" time="4.760" timestamp="2026-05-28T15:16:53.908353+00:00" hostname="agent-env-f09acb24-dcad-4500-890f-adc82bcbd239"><testcase classname="backend.tests.test_competitor_detail_api.TestCompetitorCRUD" name="test_create_and_delete_competitor" time="0.259" /><testcase classname="backend.tests.test_competitor_detail_api.TestDfsRefresh" name="test_refresh_competitor_metrics" time="1.083" /><testcase classname="backend.tests.test_competitor_detail_api.TestDfsRefresh" name="test_refresh_competitor_keywords" time="2.009" /><testcase classname="backend.tests.test_competitor_detail_api.TestDfsRefresh" name="test_refresh_client_own_metrics" time="0.616" /><testcase classname="backend.tests.test_competitor_detail_api.TestCsvUploads" name="test_semrush_upload" time="0.062" /><testcase classname="backend.tests.test_competitor_detail_api.TestCsvUploads" name="test_sf_crawl_upload" time="0.061" /><testcase classname="backend.tests.test_competitor_detail_api.TestCsvUploads" name="test_semrush_upload_bad_extension" time="0.047" /><testcase classname="backend.tests.test_competitor_detail_api.TestComparison" name="test_comparison_structure" time="0.060" /><testcase classname="backend.tests.test_competitor_detail_api.TestSfBridgeUnconfigured" name="test_bridge_crawl_returns_400_when_not_configured" time="0.105" /><testcase classname="backend.tests.test_competitor_detail_api.TestSfBridgeUnconfigured" name="test_bridge_ingest_returns_400_when_not_configured" time="0.102" /><testcase classname="backend.tests.test_competitor_detail_api.TestSfBridgeUnconfigured" name="test_bridge_crawl_clamps_max_urls" time="0.105" /><testcase classname="backend.tests.test_competitor_detail_api.TestNegative" name="test_metrics_refresh_unknown_competitor" time="0.053" /><testcase classname="backend.tests.test_competitor_detail_api.TestNegative" name="test_keywords_refresh_unknown_competitor" time="0.110" /></testsuite></testsuites>