<?xml version="1.0" encoding="utf-8"?><testsuites name="pytest tests"><testsuite name="pytest" errors="0" failures="0" skipped="0" tests="25" time="157.874" timestamp="2026-05-26T20:26:43.674499+00:00" hostname="agent-env-f09acb24-dcad-4500-890f-adc82bcbd239"><testcase classname="backend.tests.backend_test" name="test_health_root" time="0.188" /><testcase classname="backend.tests.backend_test" name="test_dashboard_summary_shape" time="0.054" /><testcase classname="backend.tests.backend_test" name="test_create_client" time="0.066" /><testcase classname="backend.tests.backend_test" name="test_get_client" time="0.050" /><testcase classname="backend.tests.backend_test" name="test_list_clients" time="0.049" /><testcase classname="backend.tests.backend_test" name="test_patch_client" time="0.101" /><testcase classname="backend.tests.backend_test" name="test_get_client_404" time="0.055" /><testcase classname="backend.tests.backend_test" name="test_add_competitor" time="0.054" /><testcase classname="backend.tests.backend_test" name="test_delete_competitor" time="0.103" /><testcase classname="backend.tests.backend_test" name="test_update_integrations" time="0.057" /><testcase classname="backend.tests.backend_test" name="test_run_404" time="0.048" /><testcase classname="backend.tests.backend_test" name="test_create_run_invalid_client" time="0.047" /><testcase classname="backend.tests.backend_test" name="test_list_active_runs_endpoint_works" time="0.056" /><testcase classname="backend.tests.backend_test" name="test_keyword_research_run_completes" time="33.758" /><testcase classname="backend.tests.backend_test" name="test_list_runs_for_client" time="0.055" /><testcase classname="backend.tests.backend_test" name="test_technical_audit_run_completes" time="39.772" /><testcase classname="backend.tests.backend_test" name="test_competitor_analysis_run_completes" time="36.723" /><testcase classname="backend.tests.backend_test" name="test_strategy_sprint_run_completes" time="45.950" /><testcase classname="backend.tests.backend_test" name="test_approvals_created_for_run" time="0.054" /><testcase classname="backend.tests.backend_test" name="test_approval_decision_approved" time="0.101" /><testcase classname="backend.tests.backend_test" name="test_approval_decision_invalid_status" time="0.048" /><testcase classname="backend.tests.backend_test" name="test_approval_decision_404" time="0.053" /><testcase classname="backend.tests.backend_test" name="test_dashboard_after_runs" time="0.083" /><testcase classname="backend.tests.backend_test" name="test_delete_client_cascades" time="0.210" /><testcase classname="backend.tests.backend_test" name="test_delete_client_404" time="0.048" /></testsuite></testsuites>