<?xml version="1.0" encoding="utf-8"?><testsuites name="pytest tests"><testsuite name="pytest" errors="0" failures="0" skipped="0" tests="13" time="16.273" timestamp="2026-05-27T01:11:21.188842+00:00" hostname="agent-env-f09acb24-dcad-4500-890f-adc82bcbd239"><testcase classname="tests.test_semrush_sf_bridge_api" name="test_semrush_upload_organic_positions" time="0.206" /><testcase classname="tests.test_semrush_sf_bridge_api" name="test_semrush_upload_competitors" time="0.052" /><testcase classname="tests.test_semrush_sf_bridge_api" name="test_semrush_upload_keyword_gap" time="0.058" /><testcase classname="tests.test_semrush_sf_bridge_api" name="test_semrush_upload_unknown_returns_400" time="0.052" /><testcase classname="tests.test_semrush_sf_bridge_api" name="test_semrush_uploads_status_lists_uploaded_types" time="0.084" /><testcase classname="tests.test_semrush_sf_bridge_api" name="test_semrush_clear_one_snapshot" time="0.104" /><testcase classname="tests.test_semrush_sf_bridge_api" name="test_semrush_clear_invalid_type_returns_400" time="0.054" /><testcase classname="tests.test_semrush_sf_bridge_api" name="test_sf_bridge_configure_persists" time="0.054" /><testcase classname="tests.test_semrush_sf_bridge_api" name="test_sf_bridge_status_configured_but_unreachable" time="15.081" /><testcase classname="tests.test_semrush_sf_bridge_api" name="test_sf_bridge_download_serves_python_script" time="0.050" /><testcase classname="tests.test_semrush_sf_bridge_api" name="test_sf_bridge_readme_serves_markdown" time="0.051" /><testcase classname="tests.test_semrush_sf_bridge_api" name="test_sf_bridge_disconnect_clears_config" time="0.099" /><testcase classname="tests.test_semrush_sf_bridge_api" name="test_zz_cleanup_remaining_semrush_uploads" time="0.249" /></testsuite></testsuites>