<?xml version="1.0" encoding="utf-8"?><testsuites name="pytest tests"><testsuite name="pytest" errors="0" failures="0" skipped="0" tests="11" time="5.501" timestamp="2026-07-21T02:57:37.906018+00:00" hostname="agent-env-f09acb24-dcad-4500-890f-adc82bcbd239"><testcase classname="backend.tests.test_tasks_workers.TestWorkers" name="test_workers_endpoint_returns_seed_agent" time="3.747" /><testcase classname="backend.tests.test_tasks_workers.TestTasksCRUD" name="test_create_task_valid" time="0.194" /><testcase classname="backend.tests.test_tasks_workers.TestTasksCRUD" name="test_create_task_invalid_client" time="0.056" /><testcase classname="backend.tests.test_tasks_workers.TestTasksCRUD" name="test_create_task_invalid_assignee" time="0.053" /><testcase classname="backend.tests.test_tasks_workers.TestTasksCRUD" name="test_list_tasks_filter_status_open" time="0.060" /><testcase classname="backend.tests.test_tasks_workers.TestTasksCRUD" name="test_patch_status_and_assignee" time="0.161" /><testcase classname="backend.tests.test_tasks_workers.TestTasksCRUD" name="test_patch_notes_append" time="0.107" /><testcase classname="backend.tests.test_tasks_workers.TestTasksCRUD" name="test_complete_non_recurring" time="0.140" /><testcase classname="backend.tests.test_tasks_workers.TestTasksCRUD" name="test_complete_recurring_daily" time="0.137" /><testcase classname="backend.tests.test_tasks_workers.TestTasksCRUD" name="test_complete_recurring_weekly" time="0.109" /><testcase classname="backend.tests.test_tasks_workers.TestTasksCRUD" name="test_delete_task" time="0.514" /></testsuite></testsuites>